2020-05-28 07:45:58.529972: I tensorflow_serving/model_servers/server.cc:86] Building single TensorFlow model file config:  model_name: model model_base_path: /home/bhupinder/Documents/movie_recommendation_LSTM/coreapi/dataset/model
2020-05-28 07:45:58.530159: I tensorflow_serving/model_servers/server_core.cc:462] Adding/updating models.
2020-05-28 07:45:58.530179: I tensorflow_serving/model_servers/server_core.cc:573]  (Re-)adding model: model
2020-05-28 07:45:58.630483: I tensorflow_serving/core/basic_manager.cc:739] Successfully reserved resources to load servable {name: model version: 1}
2020-05-28 07:45:58.630517: I tensorflow_serving/core/loader_harness.cc:66] Approving load for servable version {name: model version: 1}
2020-05-28 07:45:58.630528: I tensorflow_serving/core/loader_harness.cc:74] Loading servable version {name: model version: 1}
2020-05-28 07:45:58.630546: I external/org_tensorflow/tensorflow/cc/saved_model/reader.cc:31] Reading SavedModel from: /home/bhupinder/Documents/movie_recommendation_LSTM/coreapi/dataset/model/1
2020-05-28 07:45:58.671942: I external/org_tensorflow/tensorflow/cc/saved_model/reader.cc:54] Reading meta graph with tags { serve }
2020-05-28 07:45:58.671983: I external/org_tensorflow/tensorflow/cc/saved_model/loader.cc:264] Reading SavedModel debug info (if present) from: /home/bhupinder/Documents/movie_recommendation_LSTM/coreapi/dataset/model/1
2020-05-28 07:45:58.672064: I external/org_tensorflow/tensorflow/core/platform/cpu_feature_guard.cc:142] Your CPU supports instructions that this TensorFlow binary was not compiled to use: AVX2 FMA
2020-05-28 07:45:58.805016: I external/org_tensorflow/tensorflow/cc/saved_model/loader.cc:203] Restoring SavedModel bundle.
2020-05-28 07:45:59.009779: I external/org_tensorflow/tensorflow/cc/saved_model/loader.cc:152] Running initialization op on SavedModel bundle at path: /home/bhupinder/Documents/movie_recommendation_LSTM/coreapi/dataset/model/1
2020-05-28 07:45:59.172714: I external/org_tensorflow/tensorflow/cc/saved_model/loader.cc:333] SavedModel load for tags { serve }; Status: success: OK. Took 542156 microseconds.
2020-05-28 07:45:59.184787: I tensorflow_serving/servables/tensorflow/saved_model_warmup.cc:105] No warmup data file found at /home/bhupinder/Documents/movie_recommendation_LSTM/coreapi/dataset/model/1/assets.extra/tf_serving_warmup_requests
2020-05-28 07:45:59.203592: I tensorflow_serving/core/loader_harness.cc:87] Successfully loaded servable version {name: model version: 1}
2020-05-28 07:45:59.205280: I tensorflow_serving/model_servers/server.cc:358] Running gRPC ModelServer at 0.0.0.0:8500 ...
[evhttp_server.cc : 223] NET_LOG: Couldn't bind to port 850
[evhttp_server.cc : 63] NET_LOG: Server has not been terminated. Force termination now.
[evhttp_server.cc : 258] NET_LOG: Serv2020-05-28 07:47:43.304207: W external/org_tensorflow/tensorflow/core/framework/op_kernel.cc:1655] OP_REQUIRES failed at transpose_op.cc:157 : Invalid argument: transpose expects a vector of size 2. But input(1) is a vector of size 3
2020-05-28 07:47:43.304250: W external/org_tensorflow/tensorflow/core/framework/op_kernel.cc:1655] OP_REQUIRES failed at transpose_op.cc:157 : Invalid argument: transpose expects a vector of size 2. But input(1) is a vector of size 3
